ARM GAS  /tmp/ccKG4vtz.s 			page 1


   1              		.cpu cortex-m4
   2              		.eabi_attribute 27, 1
   3              		.eabi_attribute 28, 1
   4              		.eabi_attribute 20, 1
   5              		.eabi_attribute 21, 1
   6              		.eabi_attribute 23, 3
   7              		.eabi_attribute 24, 1
   8              		.eabi_attribute 25, 1
   9              		.eabi_attribute 26, 1
  10              		.eabi_attribute 30, 1
  11              		.eabi_attribute 34, 1
  12              		.eabi_attribute 18, 4
  13              		.file	"main.c"
  14              		.text
  15              	.Ltext0:
  16              		.cfi_sections	.debug_frame
  17              		.section	.text.MX_GPIO_Init,"ax",%progbits
  18              		.align	1
  19              		.arch armv7e-m
  20              		.syntax unified
  21              		.thumb
  22              		.thumb_func
  23              		.fpu fpv4-sp-d16
  25              	MX_GPIO_Init:
  26              	.LFB128:
  27              		.file 1 "Src/main.c"
   1:Src/main.c    **** /* USER CODE BEGIN Header */
   2:Src/main.c    **** /**
   3:Src/main.c    ****   ******************************************************************************
   4:Src/main.c    ****   * @file           : main.c
   5:Src/main.c    ****   * @brief          : Main program body
   6:Src/main.c    ****   ******************************************************************************
   7:Src/main.c    ****   ** This notice applies to any and all portions of this file
   8:Src/main.c    ****   * that are not between comment pairs USER CODE BEGIN and
   9:Src/main.c    ****   * USER CODE END. Other portions of this file, whether 
  10:Src/main.c    ****   * inserted by the user or by software development tools
  11:Src/main.c    ****   * are owned by their respective copyright owners.
  12:Src/main.c    ****   *
  13:Src/main.c    ****   * COPYRIGHT(c) 2019 STMicroelectronics
  14:Src/main.c    ****   *
  15:Src/main.c    ****   * Redistribution and use in source and binary forms, with or without modification,
  16:Src/main.c    ****   * are permitted provided that the following conditions are met:
  17:Src/main.c    ****   *   1. Redistributions of source code must retain the above copyright notice,
  18:Src/main.c    ****   *      this list of conditions and the following disclaimer.
  19:Src/main.c    ****   *   2. Redistributions in binary form must reproduce the above copyright notice,
  20:Src/main.c    ****   *      this list of conditions and the following disclaimer in the documentation
  21:Src/main.c    ****   *      and/or other materials provided with the distribution.
  22:Src/main.c    ****   *   3. Neither the name of STMicroelectronics nor the names of its contributors
  23:Src/main.c    ****   *      may be used to endorse or promote products derived from this software
  24:Src/main.c    ****   *      without specific prior written permission.
  25:Src/main.c    ****   *
  26:Src/main.c    ****   * THIS SOFTWARE IS PROVIDED BY THE COPYRIGHT HOLDERS AND CONTRIBUTORS "AS IS"
  27:Src/main.c    ****   * AND ANY EXPRESS OR IMPLIED WARRANTIES, INCLUDING, BUT NOT LIMITED TO, THE
  28:Src/main.c    ****   * IMPLIED WARRANTIES OF MERCHANTABILITY AND FITNESS FOR A PARTICULAR PURPOSE ARE
  29:Src/main.c    ****   * DISCLAIMED. IN NO EVENT SHALL THE COPYRIGHT HOLDER OR CONTRIBUTORS BE LIABLE
  30:Src/main.c    ****   * FOR ANY DIRECT, INDIRECT, INCIDENTAL, SPECIAL, EXEMPLARY, OR CONSEQUENTIAL
  31:Src/main.c    ****   * DAMAGES (INCLUDING, BUT NOT LIMITED TO, PROCUREMENT OF SUBSTITUTE GOODS OR
ARM GAS  /tmp/ccKG4vtz.s 			page 2


  32:Src/main.c    ****   * SERVICES; LOSS OF USE, DATA, OR PROFITS; OR BUSINESS INTERRUPTION) HOWEVER
  33:Src/main.c    ****   * CAUSED AND ON ANY THEORY OF LIABILITY, WHETHER IN CONTRACT, STRICT LIABILITY,
  34:Src/main.c    ****   * OR TORT (INCLUDING NEGLIGENCE OR OTHERWISE) ARISING IN ANY WAY OUT OF THE USE
  35:Src/main.c    ****   * OF THIS SOFTWARE, EVEN IF ADVISED OF THE POSSIBILITY OF SUCH DAMAGE.
  36:Src/main.c    ****   *
  37:Src/main.c    ****   ******************************************************************************
  38:Src/main.c    ****   */
  39:Src/main.c    **** /* USER CODE END Header */
  40:Src/main.c    **** 
  41:Src/main.c    **** /* Includes ------------------------------------------------------------------*/
  42:Src/main.c    **** #include "main.h"
  43:Src/main.c    **** 
  44:Src/main.c    **** /* Private includes ----------------------------------------------------------*/
  45:Src/main.c    **** /* USER CODE BEGIN Includes */
  46:Src/main.c    **** 
  47:Src/main.c    **** /* USER CODE END Includes */
  48:Src/main.c    **** 
  49:Src/main.c    **** /* Private typedef -----------------------------------------------------------*/
  50:Src/main.c    **** /* USER CODE BEGIN PTD */
  51:Src/main.c    **** 
  52:Src/main.c    **** /* USER CODE END PTD */
  53:Src/main.c    **** 
  54:Src/main.c    **** /* Private define ------------------------------------------------------------*/
  55:Src/main.c    **** /* USER CODE BEGIN PD */
  56:Src/main.c    **** 
  57:Src/main.c    **** /* USER CODE END PD */
  58:Src/main.c    **** 
  59:Src/main.c    **** /* Private macro -------------------------------------------------------------*/
  60:Src/main.c    **** /* USER CODE BEGIN PM */
  61:Src/main.c    **** 
  62:Src/main.c    **** /* USER CODE END PM */
  63:Src/main.c    **** 
  64:Src/main.c    **** /* Private variables ---------------------------------------------------------*/
  65:Src/main.c    **** 
  66:Src/main.c    **** /* USER CODE BEGIN PV */
  67:Src/main.c    **** 
  68:Src/main.c    **** int x=100;
  69:Src/main.c    **** 
  70:Src/main.c    **** /* USER CODE END PV */
  71:Src/main.c    **** 
  72:Src/main.c    **** /* Private function prototypes -----------------------------------------------*/
  73:Src/main.c    **** void SystemClock_Config(void);
  74:Src/main.c    **** static void MX_GPIO_Init(void);
  75:Src/main.c    **** /* USER CODE BEGIN PFP */
  76:Src/main.c    **** 
  77:Src/main.c    **** /* USER CODE END PFP */
  78:Src/main.c    **** 
  79:Src/main.c    **** /* Private user code ---------------------------------------------------------*/
  80:Src/main.c    **** /* USER CODE BEGIN 0 */
  81:Src/main.c    **** 
  82:Src/main.c    **** /* USER CODE END 0 */
  83:Src/main.c    **** 
  84:Src/main.c    **** /**
  85:Src/main.c    ****   * @brief  The application entry point.
  86:Src/main.c    ****   * @retval int
  87:Src/main.c    ****   */
  88:Src/main.c    **** int main(void)
ARM GAS  /tmp/ccKG4vtz.s 			page 3


  89:Src/main.c    **** {
  90:Src/main.c    ****   /* USER CODE BEGIN 1 */
  91:Src/main.c    **** 
  92:Src/main.c    ****   /* USER CODE END 1 */
  93:Src/main.c    **** 
  94:Src/main.c    ****   /* MCU Configuration--------------------------------------------------------*/
  95:Src/main.c    **** 
  96:Src/main.c    ****   /* Reset of all peripherals, Initializes the Flash interface and the Systick. */
  97:Src/main.c    ****   HAL_Init();
  98:Src/main.c    **** 
  99:Src/main.c    ****   /* USER CODE BEGIN Init */
 100:Src/main.c    **** 
 101:Src/main.c    ****   /* USER CODE END Init */
 102:Src/main.c    **** 
 103:Src/main.c    ****   /* Configure the system clock */
 104:Src/main.c    ****   SystemClock_Config();
 105:Src/main.c    **** 
 106:Src/main.c    ****   /* USER CODE BEGIN SysInit */
 107:Src/main.c    **** 
 108:Src/main.c    ****   /* USER CODE END SysInit */
 109:Src/main.c    **** 
 110:Src/main.c    ****   /* Initialize all configured peripherals */
 111:Src/main.c    ****   MX_GPIO_Init();
 112:Src/main.c    ****   /* USER CODE BEGIN 2 */
 113:Src/main.c    **** 
 114:Src/main.c    ****   /* USER CODE END 2 */
 115:Src/main.c    **** 
 116:Src/main.c    ****   /* Infinite loop */
 117:Src/main.c    ****   /* USER CODE BEGIN WHILE */
 118:Src/main.c    ****   while (1)
 119:Src/main.c    ****   {
 120:Src/main.c    **** HAL_GPIO_WritePin(GPIOD, green_led_Pin|orange_led_Pin|red_led_Pin|blue_led_Pin, GPIO_PIN_SET);
 121:Src/main.c    **** HAL_Delay(1000);
 122:Src/main.c    **** HAL_GPIO_WritePin(GPIOD, green_led_Pin|orange_led_Pin|red_led_Pin|blue_led_Pin, GPIO_PIN_RESET);
 123:Src/main.c    **** HAL_Delay(1000);
 124:Src/main.c    **** x++;
 125:Src/main.c    **** 
 126:Src/main.c    ****     /* USER CODE END WHILE */
 127:Src/main.c    **** 
 128:Src/main.c    ****     /* USER CODE BEGIN 3 */
 129:Src/main.c    ****   }
 130:Src/main.c    ****   /* USER CODE END 3 */
 131:Src/main.c    **** }
 132:Src/main.c    **** 
 133:Src/main.c    **** /**
 134:Src/main.c    ****   * @brief System Clock Configuration
 135:Src/main.c    ****   * @retval None
 136:Src/main.c    ****   */
 137:Src/main.c    **** void SystemClock_Config(void)
 138:Src/main.c    **** {
 139:Src/main.c    ****   RCC_OscInitTypeDef RCC_OscInitStruct = {0};
 140:Src/main.c    ****   RCC_ClkInitTypeDef RCC_ClkInitStruct = {0};
 141:Src/main.c    **** 
 142:Src/main.c    ****   /**Configure the main internal regulator output voltage 
 143:Src/main.c    ****   */
 144:Src/main.c    ****   __HAL_RCC_PWR_CLK_ENABLE();
 145:Src/main.c    ****   __HAL_PWR_VOLTAGESCALING_CONFIG(PWR_REGULATOR_VOLTAGE_SCALE1);
ARM GAS  /tmp/ccKG4vtz.s 			page 4


 146:Src/main.c    ****   /**Initializes the CPU, AHB and APB busses clocks 
 147:Src/main.c    ****   */
 148:Src/main.c    ****   RCC_OscInitStruct.OscillatorType = RCC_OSCILLATORTYPE_HSE;
 149:Src/main.c    ****   RCC_OscInitStruct.HSEState = RCC_HSE_ON;
 150:Src/main.c    ****   RCC_OscInitStruct.PLL.PLLState = RCC_PLL_ON;
 151:Src/main.c    ****   RCC_OscInitStruct.PLL.PLLSource = RCC_PLLSOURCE_HSE;
 152:Src/main.c    ****   RCC_OscInitStruct.PLL.PLLM = 4;
 153:Src/main.c    ****   RCC_OscInitStruct.PLL.PLLN = 168;
 154:Src/main.c    ****   RCC_OscInitStruct.PLL.PLLP = RCC_PLLP_DIV2;
 155:Src/main.c    ****   RCC_OscInitStruct.PLL.PLLQ = 7;
 156:Src/main.c    ****   if (HAL_RCC_OscConfig(&RCC_OscInitStruct) != HAL_OK)
 157:Src/main.c    ****   {
 158:Src/main.c    ****     Error_Handler();
 159:Src/main.c    ****   }
 160:Src/main.c    ****   /**Initializes the CPU, AHB and APB busses clocks 
 161:Src/main.c    ****   */
 162:Src/main.c    ****   RCC_ClkInitStruct.ClockType = RCC_CLOCKTYPE_HCLK|RCC_CLOCKTYPE_SYSCLK
 163:Src/main.c    ****                               |RCC_CLOCKTYPE_PCLK1|RCC_CLOCKTYPE_PCLK2;
 164:Src/main.c    ****   RCC_ClkInitStruct.SYSCLKSource = RCC_SYSCLKSOURCE_PLLCLK;
 165:Src/main.c    ****   RCC_ClkInitStruct.AHBCLKDivider = RCC_SYSCLK_DIV1;
 166:Src/main.c    ****   RCC_ClkInitStruct.APB1CLKDivider = RCC_HCLK_DIV4;
 167:Src/main.c    ****   RCC_ClkInitStruct.APB2CLKDivider = RCC_HCLK_DIV2;
 168:Src/main.c    **** 
 169:Src/main.c    ****   if (HAL_RCC_ClockConfig(&RCC_ClkInitStruct, FLASH_LATENCY_5) != HAL_OK)
 170:Src/main.c    ****   {
 171:Src/main.c    ****     Error_Handler();
 172:Src/main.c    ****   }
 173:Src/main.c    **** }
 174:Src/main.c    **** 
 175:Src/main.c    **** /**
 176:Src/main.c    ****   * @brief GPIO Initialization Function
 177:Src/main.c    ****   * @param None
 178:Src/main.c    ****   * @retval None
 179:Src/main.c    ****   */
 180:Src/main.c    **** static void MX_GPIO_Init(void)
 181:Src/main.c    **** {
  28              		.loc 1 181 1 view -0
  29              		.cfi_startproc
  30              		@ args = 0, pretend = 0, frame = 32
  31              		@ frame_needed = 0, uses_anonymous_args = 0
  32 0000 30B5     		push	{r4, r5, lr}
  33              	.LCFI0:
  34              		.cfi_def_cfa_offset 12
  35              		.cfi_offset 4, -12
  36              		.cfi_offset 5, -8
  37              		.cfi_offset 14, -4
  38 0002 89B0     		sub	sp, sp, #36
  39              	.LCFI1:
  40              		.cfi_def_cfa_offset 48
 182:Src/main.c    ****   GPIO_InitTypeDef GPIO_InitStruct = {0};
  41              		.loc 1 182 3 view .LVU1
  42              		.loc 1 182 20 is_stmt 0 view .LVU2
  43 0004 0024     		movs	r4, #0
  44 0006 0394     		str	r4, [sp, #12]
  45 0008 0494     		str	r4, [sp, #16]
  46 000a 0594     		str	r4, [sp, #20]
  47 000c 0694     		str	r4, [sp, #24]
ARM GAS  /tmp/ccKG4vtz.s 			page 5


  48 000e 0794     		str	r4, [sp, #28]
 183:Src/main.c    **** 
 184:Src/main.c    ****   /* GPIO Ports Clock Enable */
 185:Src/main.c    ****   __HAL_RCC_GPIOH_CLK_ENABLE();
  49              		.loc 1 185 3 is_stmt 1 view .LVU3
  50              	.LBB2:
  51              		.loc 1 185 3 view .LVU4
  52 0010 0094     		str	r4, [sp]
  53              		.loc 1 185 3 view .LVU5
  54 0012 194B     		ldr	r3, .L3
  55 0014 1A6B     		ldr	r2, [r3, #48]
  56 0016 42F08002 		orr	r2, r2, #128
  57 001a 1A63     		str	r2, [r3, #48]
  58              		.loc 1 185 3 view .LVU6
  59 001c 1A6B     		ldr	r2, [r3, #48]
  60 001e 02F08002 		and	r2, r2, #128
  61 0022 0092     		str	r2, [sp]
  62              		.loc 1 185 3 view .LVU7
  63 0024 009A     		ldr	r2, [sp]
  64              	.LBE2:
  65              		.loc 1 185 3 view .LVU8
 186:Src/main.c    ****   __HAL_RCC_GPIOD_CLK_ENABLE();
  66              		.loc 1 186 3 view .LVU9
  67              	.LBB3:
  68              		.loc 1 186 3 view .LVU10
  69 0026 0194     		str	r4, [sp, #4]
  70              		.loc 1 186 3 view .LVU11
  71 0028 1A6B     		ldr	r2, [r3, #48]
  72 002a 42F00802 		orr	r2, r2, #8
  73 002e 1A63     		str	r2, [r3, #48]
  74              		.loc 1 186 3 view .LVU12
  75 0030 1A6B     		ldr	r2, [r3, #48]
  76 0032 02F00802 		and	r2, r2, #8
  77 0036 0192     		str	r2, [sp, #4]
  78              		.loc 1 186 3 view .LVU13
  79 0038 019A     		ldr	r2, [sp, #4]
  80              	.LBE3:
  81              		.loc 1 186 3 view .LVU14
 187:Src/main.c    ****   __HAL_RCC_GPIOA_CLK_ENABLE();
  82              		.loc 1 187 3 view .LVU15
  83              	.LBB4:
  84              		.loc 1 187 3 view .LVU16
  85 003a 0294     		str	r4, [sp, #8]
  86              		.loc 1 187 3 view .LVU17
  87 003c 1A6B     		ldr	r2, [r3, #48]
  88 003e 42F00102 		orr	r2, r2, #1
  89 0042 1A63     		str	r2, [r3, #48]
  90              		.loc 1 187 3 view .LVU18
  91 0044 1B6B     		ldr	r3, [r3, #48]
  92 0046 03F00103 		and	r3, r3, #1
  93 004a 0293     		str	r3, [sp, #8]
  94              		.loc 1 187 3 view .LVU19
  95 004c 029B     		ldr	r3, [sp, #8]
  96              	.LBE4:
  97              		.loc 1 187 3 view .LVU20
 188:Src/main.c    **** 
 189:Src/main.c    ****   /*Configure GPIO pin Output Level */
ARM GAS  /tmp/ccKG4vtz.s 			page 6


 190:Src/main.c    ****   HAL_GPIO_WritePin(GPIOD, green_led_Pin|orange_led_Pin|red_led_Pin|blue_led_Pin, GPIO_PIN_RESET);
  98              		.loc 1 190 3 view .LVU21
  99 004e 0B4D     		ldr	r5, .L3+4
 100 0050 2246     		mov	r2, r4
 101 0052 4FF47041 		mov	r1, #61440
 102 0056 2846     		mov	r0, r5
 103 0058 FFF7FEFF 		bl	HAL_GPIO_WritePin
 104              	.LVL0:
 191:Src/main.c    **** 
 192:Src/main.c    ****   /*Configure GPIO pins : green_led_Pin orange_led_Pin red_led_Pin blue_led_Pin */
 193:Src/main.c    ****   GPIO_InitStruct.Pin = green_led_Pin|orange_led_Pin|red_led_Pin|blue_led_Pin;
 105              		.loc 1 193 3 view .LVU22
 106              		.loc 1 193 23 is_stmt 0 view .LVU23
 107 005c 4FF47043 		mov	r3, #61440
 108 0060 0393     		str	r3, [sp, #12]
 194:Src/main.c    ****   GPIO_InitStruct.Mode = GPIO_MODE_OUTPUT_PP;
 109              		.loc 1 194 3 is_stmt 1 view .LVU24
 110              		.loc 1 194 24 is_stmt 0 view .LVU25
 111 0062 0123     		movs	r3, #1
 112 0064 0493     		str	r3, [sp, #16]
 195:Src/main.c    ****   GPIO_InitStruct.Pull = GPIO_NOPULL;
 113              		.loc 1 195 3 is_stmt 1 view .LVU26
 114              		.loc 1 195 24 is_stmt 0 view .LVU27
 115 0066 0594     		str	r4, [sp, #20]
 196:Src/main.c    ****   GPIO_InitStruct.Speed = GPIO_SPEED_FREQ_LOW;
 116              		.loc 1 196 3 is_stmt 1 view .LVU28
 117              		.loc 1 196 25 is_stmt 0 view .LVU29
 118 0068 0694     		str	r4, [sp, #24]
 197:Src/main.c    ****   HAL_GPIO_Init(GPIOD, &GPIO_InitStruct);
 119              		.loc 1 197 3 is_stmt 1 view .LVU30
 120 006a 03A9     		add	r1, sp, #12
 121 006c 2846     		mov	r0, r5
 122 006e FFF7FEFF 		bl	HAL_GPIO_Init
 123              	.LVL1:
 198:Src/main.c    **** 
 199:Src/main.c    **** }
 124              		.loc 1 199 1 is_stmt 0 view .LVU31
 125 0072 09B0     		add	sp, sp, #36
 126              	.LCFI2:
 127              		.cfi_def_cfa_offset 12
 128              		@ sp needed
 129 0074 30BD     		pop	{r4, r5, pc}
 130              	.L4:
 131 0076 00BF     		.align	2
 132              	.L3:
 133 0078 00380240 		.word	1073887232
 134 007c 000C0240 		.word	1073875968
 135              		.cfi_endproc
 136              	.LFE128:
 138              		.section	.text.SystemClock_Config,"ax",%progbits
 139              		.align	1
 140              		.global	SystemClock_Config
 141              		.syntax unified
 142              		.thumb
 143              		.thumb_func
 144              		.fpu fpv4-sp-d16
 146              	SystemClock_Config:
ARM GAS  /tmp/ccKG4vtz.s 			page 7


 147              	.LFB127:
 138:Src/main.c    ****   RCC_OscInitTypeDef RCC_OscInitStruct = {0};
 148              		.loc 1 138 1 is_stmt 1 view -0
 149              		.cfi_startproc
 150              		@ args = 0, pretend = 0, frame = 80
 151              		@ frame_needed = 0, uses_anonymous_args = 0
 152 0000 30B5     		push	{r4, r5, lr}
 153              	.LCFI3:
 154              		.cfi_def_cfa_offset 12
 155              		.cfi_offset 4, -12
 156              		.cfi_offset 5, -8
 157              		.cfi_offset 14, -4
 158 0002 95B0     		sub	sp, sp, #84
 159              	.LCFI4:
 160              		.cfi_def_cfa_offset 96
 139:Src/main.c    ****   RCC_ClkInitTypeDef RCC_ClkInitStruct = {0};
 161              		.loc 1 139 3 view .LVU33
 139:Src/main.c    ****   RCC_ClkInitTypeDef RCC_ClkInitStruct = {0};
 162              		.loc 1 139 22 is_stmt 0 view .LVU34
 163 0004 3022     		movs	r2, #48
 164 0006 0021     		movs	r1, #0
 165 0008 08A8     		add	r0, sp, #32
 166 000a FFF7FEFF 		bl	memset
 167              	.LVL2:
 140:Src/main.c    **** 
 168              		.loc 1 140 3 is_stmt 1 view .LVU35
 140:Src/main.c    **** 
 169              		.loc 1 140 22 is_stmt 0 view .LVU36
 170 000e 0024     		movs	r4, #0
 171 0010 0394     		str	r4, [sp, #12]
 172 0012 0494     		str	r4, [sp, #16]
 173 0014 0594     		str	r4, [sp, #20]
 174 0016 0694     		str	r4, [sp, #24]
 175 0018 0794     		str	r4, [sp, #28]
 144:Src/main.c    ****   __HAL_PWR_VOLTAGESCALING_CONFIG(PWR_REGULATOR_VOLTAGE_SCALE1);
 176              		.loc 1 144 3 is_stmt 1 view .LVU37
 177              	.LBB5:
 144:Src/main.c    ****   __HAL_PWR_VOLTAGESCALING_CONFIG(PWR_REGULATOR_VOLTAGE_SCALE1);
 178              		.loc 1 144 3 view .LVU38
 179 001a 0194     		str	r4, [sp, #4]
 144:Src/main.c    ****   __HAL_PWR_VOLTAGESCALING_CONFIG(PWR_REGULATOR_VOLTAGE_SCALE1);
 180              		.loc 1 144 3 view .LVU39
 181 001c 1C4B     		ldr	r3, .L7
 182 001e 1A6C     		ldr	r2, [r3, #64]
 183 0020 42F08052 		orr	r2, r2, #268435456
 184 0024 1A64     		str	r2, [r3, #64]
 144:Src/main.c    ****   __HAL_PWR_VOLTAGESCALING_CONFIG(PWR_REGULATOR_VOLTAGE_SCALE1);
 185              		.loc 1 144 3 view .LVU40
 186 0026 1B6C     		ldr	r3, [r3, #64]
 187 0028 03F08053 		and	r3, r3, #268435456
 188 002c 0193     		str	r3, [sp, #4]
 144:Src/main.c    ****   __HAL_PWR_VOLTAGESCALING_CONFIG(PWR_REGULATOR_VOLTAGE_SCALE1);
 189              		.loc 1 144 3 view .LVU41
 190 002e 019B     		ldr	r3, [sp, #4]
 191              	.LBE5:
 144:Src/main.c    ****   __HAL_PWR_VOLTAGESCALING_CONFIG(PWR_REGULATOR_VOLTAGE_SCALE1);
 192              		.loc 1 144 3 view .LVU42
ARM GAS  /tmp/ccKG4vtz.s 			page 8


 145:Src/main.c    ****   /**Initializes the CPU, AHB and APB busses clocks 
 193              		.loc 1 145 3 view .LVU43
 194              	.LBB6:
 145:Src/main.c    ****   /**Initializes the CPU, AHB and APB busses clocks 
 195              		.loc 1 145 3 view .LVU44
 196 0030 0294     		str	r4, [sp, #8]
 145:Src/main.c    ****   /**Initializes the CPU, AHB and APB busses clocks 
 197              		.loc 1 145 3 view .LVU45
 198 0032 184B     		ldr	r3, .L7+4
 199 0034 1A68     		ldr	r2, [r3]
 200 0036 42F48042 		orr	r2, r2, #16384
 201 003a 1A60     		str	r2, [r3]
 145:Src/main.c    ****   /**Initializes the CPU, AHB and APB busses clocks 
 202              		.loc 1 145 3 view .LVU46
 203 003c 1B68     		ldr	r3, [r3]
 204 003e 03F48043 		and	r3, r3, #16384
 205 0042 0293     		str	r3, [sp, #8]
 145:Src/main.c    ****   /**Initializes the CPU, AHB and APB busses clocks 
 206              		.loc 1 145 3 view .LVU47
 207 0044 029B     		ldr	r3, [sp, #8]
 208              	.LBE6:
 145:Src/main.c    ****   /**Initializes the CPU, AHB and APB busses clocks 
 209              		.loc 1 145 3 view .LVU48
 148:Src/main.c    ****   RCC_OscInitStruct.HSEState = RCC_HSE_ON;
 210              		.loc 1 148 3 view .LVU49
 148:Src/main.c    ****   RCC_OscInitStruct.HSEState = RCC_HSE_ON;
 211              		.loc 1 148 36 is_stmt 0 view .LVU50
 212 0046 0123     		movs	r3, #1
 213 0048 0893     		str	r3, [sp, #32]
 149:Src/main.c    ****   RCC_OscInitStruct.PLL.PLLState = RCC_PLL_ON;
 214              		.loc 1 149 3 is_stmt 1 view .LVU51
 149:Src/main.c    ****   RCC_OscInitStruct.PLL.PLLState = RCC_PLL_ON;
 215              		.loc 1 149 30 is_stmt 0 view .LVU52
 216 004a 4FF48033 		mov	r3, #65536
 217 004e 0993     		str	r3, [sp, #36]
 150:Src/main.c    ****   RCC_OscInitStruct.PLL.PLLSource = RCC_PLLSOURCE_HSE;
 218              		.loc 1 150 3 is_stmt 1 view .LVU53
 150:Src/main.c    ****   RCC_OscInitStruct.PLL.PLLSource = RCC_PLLSOURCE_HSE;
 219              		.loc 1 150 34 is_stmt 0 view .LVU54
 220 0050 0225     		movs	r5, #2
 221 0052 0E95     		str	r5, [sp, #56]
 151:Src/main.c    ****   RCC_OscInitStruct.PLL.PLLM = 4;
 222              		.loc 1 151 3 is_stmt 1 view .LVU55
 151:Src/main.c    ****   RCC_OscInitStruct.PLL.PLLM = 4;
 223              		.loc 1 151 35 is_stmt 0 view .LVU56
 224 0054 4FF48003 		mov	r3, #4194304
 225 0058 0F93     		str	r3, [sp, #60]
 152:Src/main.c    ****   RCC_OscInitStruct.PLL.PLLN = 168;
 226              		.loc 1 152 3 is_stmt 1 view .LVU57
 152:Src/main.c    ****   RCC_OscInitStruct.PLL.PLLN = 168;
 227              		.loc 1 152 30 is_stmt 0 view .LVU58
 228 005a 0423     		movs	r3, #4
 229 005c 1093     		str	r3, [sp, #64]
 153:Src/main.c    ****   RCC_OscInitStruct.PLL.PLLP = RCC_PLLP_DIV2;
 230              		.loc 1 153 3 is_stmt 1 view .LVU59
 153:Src/main.c    ****   RCC_OscInitStruct.PLL.PLLP = RCC_PLLP_DIV2;
 231              		.loc 1 153 30 is_stmt 0 view .LVU60
ARM GAS  /tmp/ccKG4vtz.s 			page 9


 232 005e A823     		movs	r3, #168
 233 0060 1193     		str	r3, [sp, #68]
 154:Src/main.c    ****   RCC_OscInitStruct.PLL.PLLQ = 7;
 234              		.loc 1 154 3 is_stmt 1 view .LVU61
 154:Src/main.c    ****   RCC_OscInitStruct.PLL.PLLQ = 7;
 235              		.loc 1 154 30 is_stmt 0 view .LVU62
 236 0062 1295     		str	r5, [sp, #72]
 155:Src/main.c    ****   if (HAL_RCC_OscConfig(&RCC_OscInitStruct) != HAL_OK)
 237              		.loc 1 155 3 is_stmt 1 view .LVU63
 155:Src/main.c    ****   if (HAL_RCC_OscConfig(&RCC_OscInitStruct) != HAL_OK)
 238              		.loc 1 155 30 is_stmt 0 view .LVU64
 239 0064 0723     		movs	r3, #7
 240 0066 1393     		str	r3, [sp, #76]
 156:Src/main.c    ****   {
 241              		.loc 1 156 3 is_stmt 1 view .LVU65
 156:Src/main.c    ****   {
 242              		.loc 1 156 7 is_stmt 0 view .LVU66
 243 0068 08A8     		add	r0, sp, #32
 244 006a FFF7FEFF 		bl	HAL_RCC_OscConfig
 245              	.LVL3:
 162:Src/main.c    ****                               |RCC_CLOCKTYPE_PCLK1|RCC_CLOCKTYPE_PCLK2;
 246              		.loc 1 162 3 is_stmt 1 view .LVU67
 162:Src/main.c    ****                               |RCC_CLOCKTYPE_PCLK1|RCC_CLOCKTYPE_PCLK2;
 247              		.loc 1 162 31 is_stmt 0 view .LVU68
 248 006e 0F23     		movs	r3, #15
 249 0070 0393     		str	r3, [sp, #12]
 164:Src/main.c    ****   RCC_ClkInitStruct.AHBCLKDivider = RCC_SYSCLK_DIV1;
 250              		.loc 1 164 3 is_stmt 1 view .LVU69
 164:Src/main.c    ****   RCC_ClkInitStruct.AHBCLKDivider = RCC_SYSCLK_DIV1;
 251              		.loc 1 164 34 is_stmt 0 view .LVU70
 252 0072 0495     		str	r5, [sp, #16]
 165:Src/main.c    ****   RCC_ClkInitStruct.APB1CLKDivider = RCC_HCLK_DIV4;
 253              		.loc 1 165 3 is_stmt 1 view .LVU71
 165:Src/main.c    ****   RCC_ClkInitStruct.APB1CLKDivider = RCC_HCLK_DIV4;
 254              		.loc 1 165 35 is_stmt 0 view .LVU72
 255 0074 0594     		str	r4, [sp, #20]
 166:Src/main.c    ****   RCC_ClkInitStruct.APB2CLKDivider = RCC_HCLK_DIV2;
 256              		.loc 1 166 3 is_stmt 1 view .LVU73
 166:Src/main.c    ****   RCC_ClkInitStruct.APB2CLKDivider = RCC_HCLK_DIV2;
 257              		.loc 1 166 36 is_stmt 0 view .LVU74
 258 0076 4FF4A053 		mov	r3, #5120
 259 007a 0693     		str	r3, [sp, #24]
 167:Src/main.c    **** 
 260              		.loc 1 167 3 is_stmt 1 view .LVU75
 167:Src/main.c    **** 
 261              		.loc 1 167 36 is_stmt 0 view .LVU76
 262 007c 4FF48053 		mov	r3, #4096
 263 0080 0793     		str	r3, [sp, #28]
 169:Src/main.c    ****   {
 264              		.loc 1 169 3 is_stmt 1 view .LVU77
 169:Src/main.c    ****   {
 265              		.loc 1 169 7 is_stmt 0 view .LVU78
 266 0082 0521     		movs	r1, #5
 267 0084 03A8     		add	r0, sp, #12
 268 0086 FFF7FEFF 		bl	HAL_RCC_ClockConfig
 269              	.LVL4:
 173:Src/main.c    **** 
ARM GAS  /tmp/ccKG4vtz.s 			page 10


 270              		.loc 1 173 1 view .LVU79
 271 008a 15B0     		add	sp, sp, #84
 272              	.LCFI5:
 273              		.cfi_def_cfa_offset 12
 274              		@ sp needed
 275 008c 30BD     		pop	{r4, r5, pc}
 276              	.L8:
 277 008e 00BF     		.align	2
 278              	.L7:
 279 0090 00380240 		.word	1073887232
 280 0094 00700040 		.word	1073770496
 281              		.cfi_endproc
 282              	.LFE127:
 284              		.section	.text.main,"ax",%progbits
 285              		.align	1
 286              		.global	main
 287              		.syntax unified
 288              		.thumb
 289              		.thumb_func
 290              		.fpu fpv4-sp-d16
 292              	main:
 293              	.LFB126:
  89:Src/main.c    ****   /* USER CODE BEGIN 1 */
 294              		.loc 1 89 1 is_stmt 1 view -0
 295              		.cfi_startproc
 296              		@ Volatile: function does not return.
 297              		@ args = 0, pretend = 0, frame = 0
 298              		@ frame_needed = 0, uses_anonymous_args = 0
 299 0000 08B5     		push	{r3, lr}
 300              	.LCFI6:
 301              		.cfi_def_cfa_offset 8
 302              		.cfi_offset 3, -8
 303              		.cfi_offset 14, -4
  97:Src/main.c    **** 
 304              		.loc 1 97 3 view .LVU81
 305 0002 FFF7FEFF 		bl	HAL_Init
 306              	.LVL5:
 104:Src/main.c    **** 
 307              		.loc 1 104 3 view .LVU82
 308 0006 FFF7FEFF 		bl	SystemClock_Config
 309              	.LVL6:
 111:Src/main.c    ****   /* USER CODE BEGIN 2 */
 310              		.loc 1 111 3 view .LVU83
 311 000a FFF7FEFF 		bl	MX_GPIO_Init
 312              	.LVL7:
 313              	.L10:
 118:Src/main.c    ****   {
 314              		.loc 1 118 3 discriminator 1 view .LVU84
 120:Src/main.c    **** HAL_Delay(1000);
 315              		.loc 1 120 1 discriminator 1 view .LVU85
 316 000e 0D4C     		ldr	r4, .L12
 317 0010 0122     		movs	r2, #1
 318 0012 4FF47041 		mov	r1, #61440
 319 0016 2046     		mov	r0, r4
 320 0018 FFF7FEFF 		bl	HAL_GPIO_WritePin
 321              	.LVL8:
 121:Src/main.c    **** HAL_GPIO_WritePin(GPIOD, green_led_Pin|orange_led_Pin|red_led_Pin|blue_led_Pin, GPIO_PIN_RESET);
ARM GAS  /tmp/ccKG4vtz.s 			page 11


 322              		.loc 1 121 1 discriminator 1 view .LVU86
 323 001c 4FF47A70 		mov	r0, #1000
 324 0020 FFF7FEFF 		bl	HAL_Delay
 325              	.LVL9:
 122:Src/main.c    **** HAL_Delay(1000);
 326              		.loc 1 122 1 discriminator 1 view .LVU87
 327 0024 0022     		movs	r2, #0
 328 0026 4FF47041 		mov	r1, #61440
 329 002a 2046     		mov	r0, r4
 330 002c FFF7FEFF 		bl	HAL_GPIO_WritePin
 331              	.LVL10:
 123:Src/main.c    **** x++;
 332              		.loc 1 123 1 discriminator 1 view .LVU88
 333 0030 4FF47A70 		mov	r0, #1000
 334 0034 FFF7FEFF 		bl	HAL_Delay
 335              	.LVL11:
 124:Src/main.c    **** 
 336              		.loc 1 124 1 discriminator 1 view .LVU89
 124:Src/main.c    **** 
 337              		.loc 1 124 2 is_stmt 0 discriminator 1 view .LVU90
 338 0038 034A     		ldr	r2, .L12+4
 339 003a 1368     		ldr	r3, [r2]
 340 003c 0133     		adds	r3, r3, #1
 341 003e 1360     		str	r3, [r2]
 118:Src/main.c    ****   {
 342              		.loc 1 118 9 is_stmt 1 discriminator 1 view .LVU91
 343 0040 E5E7     		b	.L10
 344              	.L13:
 345 0042 00BF     		.align	2
 346              	.L12:
 347 0044 000C0240 		.word	1073875968
 348 0048 00000000 		.word	.LANCHOR0
 349              		.cfi_endproc
 350              	.LFE126:
 352              		.section	.text.Error_Handler,"ax",%progbits
 353              		.align	1
 354              		.global	Error_Handler
 355              		.syntax unified
 356              		.thumb
 357              		.thumb_func
 358              		.fpu fpv4-sp-d16
 360              	Error_Handler:
 361              	.LFB129:
 200:Src/main.c    **** 
 201:Src/main.c    **** /* USER CODE BEGIN 4 */
 202:Src/main.c    **** 
 203:Src/main.c    **** /* USER CODE END 4 */
 204:Src/main.c    **** 
 205:Src/main.c    **** /**
 206:Src/main.c    ****   * @brief  This function is executed in case of error occurrence.
 207:Src/main.c    ****   * @retval None
 208:Src/main.c    ****   */
 209:Src/main.c    **** void Error_Handler(void)
 210:Src/main.c    **** {
 362              		.loc 1 210 1 view -0
 363              		.cfi_startproc
 364              		@ args = 0, pretend = 0, frame = 0
ARM GAS  /tmp/ccKG4vtz.s 			page 12


 365              		@ frame_needed = 0, uses_anonymous_args = 0
 366              		@ link register save eliminated.
 211:Src/main.c    ****   /* USER CODE BEGIN Error_Handler_Debug */
 212:Src/main.c    ****   /* User can add his own implementation to report the HAL error return state */
 213:Src/main.c    **** 
 214:Src/main.c    ****   /* USER CODE END Error_Handler_Debug */
 215:Src/main.c    **** }
 367              		.loc 1 215 1 view .LVU93
 368 0000 7047     		bx	lr
 369              		.cfi_endproc
 370              	.LFE129:
 372              		.global	x
 373              		.section	.data.x,"aw"
 374              		.align	2
 375              		.set	.LANCHOR0,. + 0
 378              	x:
 379 0000 64000000 		.word	100
 380              		.text
 381              	.Letext0:
 382              		.file 2 "/media/icdu-nishant/ICDU/STM/arm-gcc/gcc-arm-none-eabi-9-2020-q2-update/arm-none-eabi/inc
 383              		.file 3 "/media/icdu-nishant/ICDU/STM/arm-gcc/gcc-arm-none-eabi-9-2020-q2-update/arm-none-eabi/inc
 384              		.file 4 "Drivers/CMSIS/Include/core_cm4.h"
 385              		.file 5 "Drivers/CMSIS/Device/ST/STM32F4xx/Include/system_stm32f4xx.h"
 386              		.file 6 "Drivers/CMSIS/Device/ST/STM32F4xx/Include/stm32f407xx.h"
 387              		.file 7 "/media/icdu-nishant/ICDU/STM/arm-gcc/gcc-arm-none-eabi-9-2020-q2-update/lib/gcc/arm-none-
 388              		.file 8 "/media/icdu-nishant/ICDU/STM/arm-gcc/gcc-arm-none-eabi-9-2020-q2-update/arm-none-eabi/inc
 389              		.file 9 "/media/icdu-nishant/ICDU/STM/arm-gcc/gcc-arm-none-eabi-9-2020-q2-update/arm-none-eabi/inc
 390              		.file 10 "/media/icdu-nishant/ICDU/STM/arm-gcc/gcc-arm-none-eabi-9-2020-q2-update/arm-none-eabi/in
 391              		.file 11 "Drivers/STM32F4xx_HAL_Driver/Inc/stm32f4xx_hal_rcc_ex.h"
 392              		.file 12 "Drivers/STM32F4xx_HAL_Driver/Inc/stm32f4xx_hal_rcc.h"
 393              		.file 13 "Drivers/STM32F4xx_HAL_Driver/Inc/stm32f4xx_hal_gpio.h"
 394              		.file 14 "Drivers/STM32F4xx_HAL_Driver/Inc/stm32f4xx_hal_def.h"
 395              		.file 15 "Drivers/STM32F4xx_HAL_Driver/Inc/stm32f4xx_hal.h"
 396              		.file 16 "<built-in>"
ARM GAS  /tmp/ccKG4vtz.s 			page 13


DEFINED SYMBOLS
                            *ABS*:0000000000000000 main.c
     /tmp/ccKG4vtz.s:18     .text.MX_GPIO_Init:0000000000000000 $t
     /tmp/ccKG4vtz.s:25     .text.MX_GPIO_Init:0000000000000000 MX_GPIO_Init
     /tmp/ccKG4vtz.s:133    .text.MX_GPIO_Init:0000000000000078 $d
     /tmp/ccKG4vtz.s:139    .text.SystemClock_Config:0000000000000000 $t
     /tmp/ccKG4vtz.s:146    .text.SystemClock_Config:0000000000000000 SystemClock_Config
     /tmp/ccKG4vtz.s:279    .text.SystemClock_Config:0000000000000090 $d
     /tmp/ccKG4vtz.s:285    .text.main:0000000000000000 $t
     /tmp/ccKG4vtz.s:292    .text.main:0000000000000000 main
     /tmp/ccKG4vtz.s:347    .text.main:0000000000000044 $d
     /tmp/ccKG4vtz.s:353    .text.Error_Handler:0000000000000000 $t
     /tmp/ccKG4vtz.s:360    .text.Error_Handler:0000000000000000 Error_Handler
     /tmp/ccKG4vtz.s:378    .data.x:0000000000000000 x
     /tmp/ccKG4vtz.s:374    .data.x:0000000000000000 $d

UNDEFINED SYMBOLS
HAL_GPIO_WritePin
HAL_GPIO_Init
memset
HAL_RCC_OscConfig
HAL_RCC_ClockConfig
HAL_Init
HAL_Delay
